<?xml version="1.0" encoding="UTF-8" ?>
<testsuite tests="5" failures="0" name="MyTest" time="0.335" errors="0" skipped="0">
  <properties>
    <property name="idea.version" value="2020.3.3"/>
    <property name="java.runtime.name" value="Java(TM) SE Runtime Environment"/>
    <property name="sun.boot.library.path" value="D:\development_language\Java\jdk1.8.0_121\jre\bin"/>
    <property name="java.vm.version" value="25.121-b13"/>
    <property name="java.vm.vendor" value="Oracle Corporation"/>
    <property name="maven.multiModuleProjectDirectory" value="C:\Users\86188\Desktop\屁事\高级web技术\MyBitesTest"/>
    <property name="java.vendor.url" value="http://java.oracle.com/"/>
    <property name="path.separator" value=";"/>
    <property name="guice.disable.misplaced.annotation.check" value="true"/>
    <property name="java.vm.name" value="Java HotSpot(TM) 64-Bit Server VM"/>
    <property name="file.encoding.pkg" value="sun.io"/>
    <property name="user.script" value=""/>
    <property name="user.country" value="CN"/>
    <property name="sun.java.launcher" value="SUN_STANDARD"/>
    <property name="sun.os.patch.level" value=""/>
    <property name="java.vm.specification.name" value="Java Virtual Machine Specification"/>
    <property name="user.dir" value="C:\Users\86188\Desktop\屁事\高级web技术\MyBitesTest"/>
    <property name="java.runtime.version" value="1.8.0_121-b13"/>
    <property name="java.awt.graphicsenv" value="sun.awt.Win32GraphicsEnvironment"/>
    <property name="java.endorsed.dirs" value="D:\development_language\Java\jdk1.8.0_121\jre\lib\endorsed"/>
    <property name="os.arch" value="amd64"/>
    <property name="java.io.tmpdir" value="C:\Users\86188\AppData\Local\Temp\"/>
    <property name="line.separator" value="
"/>
    <property name="java.vm.specification.vendor" value="Oracle Corporation"/>
    <property name="user.variant" value=""/>
    <property name="os.name" value="Windows 10"/>
    <property name="maven.ext.class.path" value="D:\IntelliJ IDEA 2020.3.3\plugins\maven\lib\maven-event-listener.jar"/>
    <property name="classworlds.conf" value="D:\Maven\apache-maven-3.6.3\bin\m2.conf"/>
    <property name="sun.jnu.encoding" value="GBK"/>
    <property name="java.library.path" value="D:\development_language\Java\jdk1.8.0_121\bin;C:\WINDOWS\Sun\Java\bin;C:\WINDOWS\system32;C:\WINDOWS;D:\development_language\Java\jdk1.8.0_121\bin;D:\development_language\Java\jdk1.8.0_121\jre\bin;C:\Windows\system32;C:\Windows;C:\Windows\System32\Wbem;C:\Windows\System32\WindowsPowerShell\v1.0\;C:\Windows\System32\OpenSSH\;C:\Program Files (x86)\NVIDIA Corporation\PhysX\Common;C:\Program Files\NVIDIA Corporation\NVIDIA NvDLISR;C:\WINDOWS\system32;C:\WINDOWS;C:\WINDOWS\System32\Wbem;C:\WINDOWS\System32\WindowsPowerShell\v1.0\;C:\WINDOWS\System32\OpenSSH\;D:\Maven\apache-maven-3.6.3\bin;D:\n;de.js\;D:\MATLAB\v91\runtime\win64;D:\anaconda3\Scripts;D:\Xshell 7\;D:\git\Git\bin;D:\MATLAB\matlab2016b\runtime\win64;D:\MATLAB\matlab2016b\bin;D:\MATLAB\matlab2016b\polyspace\bin;C:\ProgramData\Oracle\Java\javapath;D:\Xftp 7\;D:\development_language\go\GO\bin;C:\Program Files\MySQL\MySQL Shell 8.0\bin\;C:\Users\86188\AppData\Local\Microsoft\WindowsApps;D:\development_tool\Microsoft VS Code\bin;D:\node.js;D:\Nodejs\node_global;C:\Users\86188\go\bin;."/>
    <property name="maven.conf" value="D:\Maven\apache-maven-3.6.3/conf"/>
    <property name="java.specification.name" value="Java Platform API Specification"/>
    <property name="java.class.version" value="52.0"/>
    <property name="sun.management.compiler" value="HotSpot 64-Bit Tiered Compilers"/>
    <property name="maven.repo.local" value="D:\Maven\apache-maven-3.6.3\Repository"/>
    <property name="os.version" value="10.0"/>
    <property name="user.home" value="C:\Users\86188"/>
    <property name="user.timezone" value="Asia/Shanghai"/>
    <property name="java.awt.printerjob" value="sun.awt.windows.WPrinterJob"/>
    <property name="java.specification.version" value="1.8"/>
    <property name="file.encoding" value="UTF-8"/>
    <property name="user.name" value="86188"/>
    <property name="java.class.path" value="D:\Maven\apache-maven-3.6.3\boot\plexus-classworlds-2.6.0.jar;D:\Maven\apache-maven-3.6.3\boot\plexus-classworlds.license;D:\IntelliJ IDEA 2020.3.3\lib\idea_rt.jar"/>
    <property name="java.vm.specification.version" value="1.8"/>
    <property name="sun.arch.data.model" value="64"/>
    <property name="java.home" value="D:\development_language\Java\jdk1.8.0_121\jre"/>
    <property name="sun.java.command" value="org.codehaus.classworlds.Launcher -Didea.version=2020.3.3 -s D:\Maven\apache-maven-3.6.3\conf\settings.xml -Dmaven.repo.local=D:\Maven\apache-maven-3.6.3\Repository org.apache.tomcat.maven:tomcat7-maven-plugin:2.1:run-war"/>
    <property name="java.specification.vendor" value="Oracle Corporation"/>
    <property name="user.language" value="zh"/>
    <property name="awt.toolkit" value="sun.awt.windows.WToolkit"/>
    <property name="java.vm.info" value="mixed mode"/>
    <property name="java.version" value="1.8.0_121"/>
    <property name="java.ext.dirs" value="D:\development_language\Java\jdk1.8.0_121\jre\lib\ext;C:\WINDOWS\Sun\Java\lib\ext"/>
    <property name="sun.boot.class.path" value="D:\development_language\Java\jdk1.8.0_121\jre\lib\resources.jar;D:\development_language\Java\jdk1.8.0_121\jre\lib\rt.jar;D:\development_language\Java\jdk1.8.0_121\jre\lib\sunrsasign.jar;D:\development_language\Java\jdk1.8.0_121\jre\lib\jsse.jar;D:\development_language\Java\jdk1.8.0_121\jre\lib\jce.jar;D:\development_language\Java\jdk1.8.0_121\jre\lib\charsets.jar;D:\development_language\Java\jdk1.8.0_121\jre\lib\jfr.jar;D:\development_language\Java\jdk1.8.0_121\jre\classes"/>
    <property name="java.vendor" value="Oracle Corporation"/>
    <property name="maven.home" value="D:\Maven\apache-maven-3.6.3"/>
    <property name="file.separator" value="\"/>
    <property name="java.vendor.url.bug" value="http://bugreport.sun.com/bugreport/"/>
    <property name="sun.cpu.endian" value="little"/>
    <property name="sun.io.unicode.encoding" value="UnicodeLittle"/>
    <property name="sun.desktop" value="windows"/>
    <property name="sun.cpu.isalist" value="amd64"/>
  </properties>
  <testcase classname="MyTest" name="addCourse" time="0.021"/>
  <testcase classname="MyTest" name="getCourseByIdTest" time="0"/>
  <testcase classname="MyTest" name="getComputerCourseByNameTest" time="0"/>
  <testcase classname="MyTest" name="getAllSchoolCourse" time="0.314"/>
  <testcase classname="MyTest" name="addCourseHoursByIdTest" time="0"/>
</testsuite>